<?xml version="1.0" encoding="UTF-8"?>
<!-- Generated by org.testng.reporters.JUnitXMLReporter -->
<testsuite hostname="PRB-L460-UP4U" ignored="0" name="Test" tests="8" failures="0" timestamp="19 Aug 2018 05:18:11 GMT" time="114.259" errors="0">
  <testcase name="testLogout" time="11.15" classname="actiTimeTest.TestHomePage"/>
  <testcase name="testValidCredential" time="10.183" classname="actiTimeTest.TestLogin"/>
  <testcase name="testInvalidUn" time="7.596" classname="actiTimeTest.TestLogin"/>
  <testcase name="testInvalidPw" time="7.9" classname="actiTimeTest.TestLogin"/>
  <testcase name="testNoUsername" time="7.371" classname="actiTimeTest.TestLogin"/>
  <testcase name="testNoPassword" time="14.719" classname="actiTimeTest.TestLogin"/>
  <testcase name="testNoValue" time="10.055" classname="actiTimeTest.TestLogin"/>
  <testcase name="testInvalidCredential" time="7.816" classname="actiTimeTest.TestLogin"/>
</testsuite> <!-- Test -->
